2019-12-17 17:33:19,484 INFO o.a.j.u.JMeterUtils: Setting Locale to en_EN
2019-12-17 17:33:19,500 INFO o.a.j.JMeter: Loading user properties from: user.properties
2019-12-17 17:33:19,500 INFO o.a.j.JMeter: Loading system properties from: system.properties
2019-12-17 17:33:19,502 INFO o.a.j.JMeter: Copyright (c) 1998-2019 The Apache Software Foundation
2019-12-17 17:33:19,502 INFO o.a.j.JMeter: Version 5.2.1
2019-12-17 17:33:19,502 INFO o.a.j.JMeter: java.version=1.8.0_222
2019-12-17 17:33:19,502 INFO o.a.j.JMeter: java.vm.name=OpenJDK 64-Bit Server VM
2019-12-17 17:33:19,502 INFO o.a.j.JMeter: os.name=Linux
2019-12-17 17:33:19,502 INFO o.a.j.JMeter: os.arch=amd64
2019-12-17 17:33:19,502 INFO o.a.j.JMeter: os.version=4.12.14-lp150.12.82-default
2019-12-17 17:33:19,502 INFO o.a.j.JMeter: file.encoding=UTF-8
2019-12-17 17:33:19,503 INFO o.a.j.JMeter: java.awt.headless=null
2019-12-17 17:33:19,503 INFO o.a.j.JMeter: Max memory     =1073741824
2019-12-17 17:33:19,503 INFO o.a.j.JMeter: Available Processors =4
2019-12-17 17:33:19,508 INFO o.a.j.JMeter: Default Locale=English (EN)
2019-12-17 17:33:19,508 INFO o.a.j.JMeter: JMeter  Locale=English (EN)
2019-12-17 17:33:19,508 INFO o.a.j.JMeter: JMeterHome=/home/florian/apache-jmeter-5.2.1
2019-12-17 17:33:19,509 INFO o.a.j.JMeter: user.dir  =/home/florian/apache-jmeter-5.2.1/bin
2019-12-17 17:33:19,509 INFO o.a.j.JMeter: PWD       =/home/florian/apache-jmeter-5.2.1/bin
2019-12-17 17:33:19,509 INFO o.a.j.JMeter: IP: 127.0.0.1 Name: linux-76wa FullName: localhost
2019-12-17 17:33:19,750 INFO o.a.j.g.a.LookAndFeelCommand: Installing Darcula LAF
2019-12-17 17:33:19,836 INFO o.a.j.g.a.LookAndFeelCommand: Using look and feel: com.bulenkov.darcula.DarculaLaf [Darcula]
2019-12-17 17:33:19,836 INFO o.a.j.JMeter: Setting LAF to: com.bulenkov.darcula.DarculaLaf
2019-12-17 17:33:19,927 INFO o.a.j.JMeter: Loaded icon properties from org/apache/jmeter/images/icon.properties
2019-12-17 17:33:24,202 INFO o.a.j.p.h.s.HTTPSamplerBase: Parser for text/html is org.apache.jmeter.protocol.http.parser.LagartoBasedHtmlParser
2019-12-17 17:33:24,203 INFO o.a.j.p.h.s.HTTPSamplerBase: Parser for application/xhtml+xml is org.apache.jmeter.protocol.http.parser.LagartoBasedHtmlParser
2019-12-17 17:33:24,203 INFO o.a.j.p.h.s.HTTPSamplerBase: Parser for application/xml is org.apache.jmeter.protocol.http.parser.LagartoBasedHtmlParser
2019-12-17 17:33:24,203 INFO o.a.j.p.h.s.HTTPSamplerBase: Parser for text/xml is org.apache.jmeter.protocol.http.parser.LagartoBasedHtmlParser
2019-12-17 17:33:24,204 INFO o.a.j.p.h.s.HTTPSamplerBase: Parser for text/vnd.wap.wml is org.apache.jmeter.protocol.http.parser.RegexpHTMLParser
2019-12-17 17:33:24,204 INFO o.a.j.p.h.s.HTTPSamplerBase: Parser for text/css is org.apache.jmeter.protocol.http.parser.CssParser
2019-12-17 17:33:24,995 INFO o.a.j.e.KeyToolUtils: keytool found at 'keytool'
2019-12-17 17:33:24,996 INFO o.a.j.p.h.p.ProxyControl: HTTP(S) Test Script Recorder SSL Proxy will use keys that support embedded 3rd party resources in file /home/florian/apache-jmeter-5.2.1/bin/proxyserver.jks
2019-12-17 17:33:25,150 INFO o.a.j.s.FileServer: Default base='/home/florian/apache-jmeter-5.2.1/bin'
2019-12-17 17:33:25,586 INFO o.a.j.s.SampleResult: Note: Sample TimeStamps are START times
2019-12-17 17:33:25,586 INFO o.a.j.s.SampleResult: sampleresult.default.encoding is set to ISO-8859-1
2019-12-17 17:33:25,586 INFO o.a.j.s.SampleResult: sampleresult.useNanoTime=true
2019-12-17 17:33:25,587 INFO o.a.j.s.SampleResult: sampleresult.nanoThreadSleep=5000
2019-12-17 17:33:25,607 INFO o.a.j.v.ViewResultsFullVisualizer: Add JavaFX to your Java installation if you want to use renderer: org.apache.jmeter.visualizers.RenderInBrowser
2019-12-17 17:34:32,720 INFO o.a.j.g.a.Load: Loading file: /home/florian/2019-23-17_02-23-35-run-tgroup_bench.jtl
2019-12-17 17:34:32,721 INFO o.a.j.s.FileServer: Set new base='/home/florian'
2019-12-17 17:34:32,893 INFO o.a.j.s.SaveService: Testplan (JMX) version: 2.2. Testlog (JTL) version: 2.2
2019-12-17 17:34:32,905 INFO o.a.j.s.SaveService: Using SaveService properties file encoding UTF-8
2019-12-17 17:34:32,908 INFO o.a.j.s.SaveService: Using SaveService properties version 5.0
2019-12-17 17:34:32,912 INFO o.a.j.s.SaveService: Loading file: /home/florian/2019-23-17_02-23-35-run-tgroup_bench.jtl
2019-12-17 17:34:32,951 WARN o.a.j.g.a.Load: Unexpected error. java.lang.ClassCastException: org.apache.jmeter.save.TestResultWrapper cannot be cast to org.apache.jmeter.save.ScriptWrapper
java.lang.ClassCastException: org.apache.jmeter.save.TestResultWrapper cannot be cast to org.apache.jmeter.save.ScriptWrapper
	at org.apache.jmeter.save.SaveService.readTree(SaveService.java:449) ~[ApacheJMeter_core.jar:5.2.1]
	at org.apache.jmeter.save.SaveService.loadTree(SaveService.java:432) ~[ApacheJMeter_core.jar:5.2.1]
	at org.apache.jmeter.gui.action.Load.loadProjectFile(Load.java:130) ~[ApacheJMeter_core.jar:5.2.1]
	at org.apache.jmeter.gui.action.Load.loadProjectFile(Load.java:102) ~[ApacheJMeter_core.jar:5.2.1]
	at org.apache.jmeter.gui.action.Load.doActionAfterCheck(Load.java:89) ~[ApacheJMeter_core.jar:5.2.1]
	at org.apache.jmeter.gui.action.AbstractActionWithNoRunningTest.doAction(AbstractActionWithNoRunningTest.java:45) ~[ApacheJMeter_core.jar:5.2.1]
	at org.apache.jmeter.gui.action.ActionRouter.performAction(ActionRouter.java:88) ~[ApacheJMeter_core.jar:5.2.1]
	at org.apache.jmeter.gui.action.ActionRouter.lambda$actionPerformed$0(ActionRouter.java:70) ~[ApacheJMeter_core.jar:5.2.1]
	at java.awt.event.InvocationEvent.dispatch(InvocationEvent.java:311) [?:1.8.0_222]
	at java.awt.EventQueue.dispatchEventImpl(EventQueue.java:758) [?:1.8.0_222]
	at java.awt.EventQueue.access$500(EventQueue.java:97) [?:1.8.0_222]
	at java.awt.EventQueue$3.run(EventQueue.java:709) [?:1.8.0_222]
	at java.awt.EventQueue$3.run(EventQueue.java:703) [?:1.8.0_222]
	at java.security.AccessController.doPrivileged(Native Method) ~[?:1.8.0_222]
	at java.security.ProtectionDomain$JavaSecurityAccessImpl.doIntersectionPrivilege(ProtectionDomain.java:74) [?:1.8.0_222]
	at java.awt.EventQueue.dispatchEvent(EventQueue.java:728) [?:1.8.0_222]
	at java.awt.EventDispatchThread.pumpOneEventForFilters(EventDispatchThread.java:205) [?:1.8.0_222]
	at java.awt.EventDispatchThread.pumpEventsForFilter(EventDispatchThread.java:116) [?:1.8.0_222]
	at java.awt.EventDispatchThread.pumpEventsForHierarchy(EventDispatchThread.java:105) [?:1.8.0_222]
	at java.awt.EventDispatchThread.pumpEvents(EventDispatchThread.java:101) [?:1.8.0_222]
	at java.awt.EventDispatchThread.pumpEvents(EventDispatchThread.java:93) [?:1.8.0_222]
	at java.awt.EventDispatchThread.run(EventDispatchThread.java:82) [?:1.8.0_222]
2019-12-17 17:34:41,909 INFO o.a.j.g.a.Load: Loading file: /home/florian/2019-23-17_02-23-35-run-tgroup_bench.jmx
2019-12-17 17:34:41,910 INFO o.a.j.s.FileServer: Set new base='/home/florian'
2019-12-17 17:34:41,910 INFO o.a.j.s.SaveService: Loading file: /home/florian/2019-23-17_02-23-35-run-tgroup_bench.jmx
2019-12-17 17:34:41,927 INFO o.a.j.p.h.c.CookieManager: Settings: Delete null: true Check: true Allow variable: true Save: false Prefix: COOKIE_
2019-12-17 17:34:42,033 INFO o.a.j.v.ViewResultsFullVisualizer: Add JavaFX to your Java installation if you want to use renderer: org.apache.jmeter.visualizers.RenderInBrowser
2019-12-17 17:34:42,079 INFO o.a.j.s.FileServer: Set new base='/home/florian'
2019-12-17 17:48:15,787 INFO o.a.j.g.a.Load: Loading file: /home/florian/apache-jmeter-5.2.1/bin/own_plans/build-web-test-plan.jmx
2019-12-17 17:48:15,789 INFO o.a.j.s.FileServer: Set new base='/home/florian/apache-jmeter-5.2.1/bin/own_plans'
2019-12-17 17:48:15,793 INFO o.a.j.s.SaveService: Loading file: /home/florian/apache-jmeter-5.2.1/bin/own_plans/build-web-test-plan.jmx
2019-12-17 17:48:15,915 INFO o.a.j.v.ViewResultsFullVisualizer: Add JavaFX to your Java installation if you want to use renderer: org.apache.jmeter.visualizers.RenderInBrowser
2019-12-17 17:48:15,950 INFO o.a.j.s.FileServer: Set new base='/home/florian/apache-jmeter-5.2.1/bin/own_plans'
2019-12-17 17:54:32,998 INFO o.a.j.g.a.Load: Loading file: /home/florian/Development/ecorz-efficiency-testing/ecorz-eff-test-app/stresstest-agent/target/jmeter/resultsdump/2019-51-17_05-51-54-run-tgroup_bench.jmx
2019-12-17 17:54:32,999 INFO o.a.j.s.FileServer: Set new base='/home/florian/Development/ecorz-efficiency-testing/ecorz-eff-test-app/stresstest-agent/target/jmeter/resultsdump'
2019-12-17 17:54:32,999 INFO o.a.j.s.SaveService: Loading file: /home/florian/Development/ecorz-efficiency-testing/ecorz-eff-test-app/stresstest-agent/target/jmeter/resultsdump/2019-51-17_05-51-54-run-tgroup_bench.jmx
2019-12-17 17:54:33,033 INFO o.a.j.v.ViewResultsFullVisualizer: Add JavaFX to your Java installation if you want to use renderer: org.apache.jmeter.visualizers.RenderInBrowser
2019-12-17 17:54:33,072 INFO o.a.j.s.FileServer: Set new base='/home/florian/Development/ecorz-efficiency-testing/ecorz-eff-test-app/stresstest-agent/target/jmeter/resultsdump'
2019-12-17 17:55:39,972 INFO o.a.j.g.a.Load: Loading file: /home/florian/Development/ecorz-efficiency-testing/ecorz-eff-test-app/stresstest-agent/target/jmeter/resultsdump/2019-51-17_05-51-54-run-tgroup_bench.jmx
2019-12-17 17:55:39,973 INFO o.a.j.s.FileServer: Set new base='/home/florian/Development/ecorz-efficiency-testing/ecorz-eff-test-app/stresstest-agent/target/jmeter/resultsdump'
2019-12-17 17:55:39,974 INFO o.a.j.s.SaveService: Loading file: /home/florian/Development/ecorz-efficiency-testing/ecorz-eff-test-app/stresstest-agent/target/jmeter/resultsdump/2019-51-17_05-51-54-run-tgroup_bench.jmx
2019-12-17 17:55:40,032 INFO o.a.j.v.ViewResultsFullVisualizer: Add JavaFX to your Java installation if you want to use renderer: org.apache.jmeter.visualizers.RenderInBrowser
2019-12-17 17:55:40,067 INFO o.a.j.s.FileServer: Set new base='/home/florian/Development/ecorz-efficiency-testing/ecorz-eff-test-app/stresstest-agent/target/jmeter/resultsdump'
2019-12-17 18:01:16,319 INFO o.a.j.g.a.Load: Loading file: /home/florian/Development/ecorz-efficiency-testing/ecorz-eff-test-app/stresstest-agent/target/jmeter/resultsdump/2019-00-17_06-00-49-run-tgroup_bench.jmx
2019-12-17 18:01:16,319 INFO o.a.j.s.FileServer: Set new base='/home/florian/Development/ecorz-efficiency-testing/ecorz-eff-test-app/stresstest-agent/target/jmeter/resultsdump'
2019-12-17 18:01:16,319 INFO o.a.j.s.SaveService: Loading file: /home/florian/Development/ecorz-efficiency-testing/ecorz-eff-test-app/stresstest-agent/target/jmeter/resultsdump/2019-00-17_06-00-49-run-tgroup_bench.jmx
2019-12-17 18:01:16,343 INFO o.a.j.v.ViewResultsFullVisualizer: Add JavaFX to your Java installation if you want to use renderer: org.apache.jmeter.visualizers.RenderInBrowser
2019-12-17 18:01:16,387 INFO o.a.j.s.FileServer: Set new base='/home/florian/Development/ecorz-efficiency-testing/ecorz-eff-test-app/stresstest-agent/target/jmeter/resultsdump'
2019-12-17 18:04:39,716 INFO o.a.j.g.a.Load: Loading file: /home/florian/Development/ecorz-efficiency-testing/ecorz-eff-test-app/stresstest-agent/target/jmeter/resultsdump/2019-04-17_06-04-21-run-tgroup_bench.jmx
2019-12-17 18:04:39,716 INFO o.a.j.s.FileServer: Set new base='/home/florian/Development/ecorz-efficiency-testing/ecorz-eff-test-app/stresstest-agent/target/jmeter/resultsdump'
2019-12-17 18:04:39,716 INFO o.a.j.s.SaveService: Loading file: /home/florian/Development/ecorz-efficiency-testing/ecorz-eff-test-app/stresstest-agent/target/jmeter/resultsdump/2019-04-17_06-04-21-run-tgroup_bench.jmx
2019-12-17 18:04:39,748 INFO o.a.j.v.ViewResultsFullVisualizer: Add JavaFX to your Java installation if you want to use renderer: org.apache.jmeter.visualizers.RenderInBrowser
2019-12-17 18:04:39,819 INFO o.a.j.s.FileServer: Set new base='/home/florian/Development/ecorz-efficiency-testing/ecorz-eff-test-app/stresstest-agent/target/jmeter/resultsdump'
2019-12-17 18:07:17,694 INFO o.a.j.v.ViewResultsFullVisualizer: Add JavaFX to your Java installation if you want to use renderer: org.apache.jmeter.visualizers.RenderInBrowser
2019-12-17 18:07:17,722 INFO o.a.j.g.a.Load: Loading file: /home/florian/Development/ecorz-efficiency-testing/ecorz-eff-test-app/stresstest-agent/target/jmeter/resultsdump/2019-06-17_06-06-54-run-tgroup_bench.jmx
2019-12-17 18:07:17,722 INFO o.a.j.s.FileServer: Set new base='/home/florian/Development/ecorz-efficiency-testing/ecorz-eff-test-app/stresstest-agent/target/jmeter/resultsdump'
2019-12-17 18:07:17,722 INFO o.a.j.s.SaveService: Loading file: /home/florian/Development/ecorz-efficiency-testing/ecorz-eff-test-app/stresstest-agent/target/jmeter/resultsdump/2019-06-17_06-06-54-run-tgroup_bench.jmx
2019-12-17 18:07:17,746 INFO o.a.j.v.ViewResultsFullVisualizer: Add JavaFX to your Java installation if you want to use renderer: org.apache.jmeter.visualizers.RenderInBrowser
2019-12-17 18:07:17,784 INFO o.a.j.s.FileServer: Set new base='/home/florian/Development/ecorz-efficiency-testing/ecorz-eff-test-app/stresstest-agent/target/jmeter/resultsdump'
2019-12-17 18:08:47,495 INFO o.a.j.g.a.Load: Loading file: /home/florian/Development/ecorz-efficiency-testing/ecorz-eff-test-app/stresstest-agent/target/jmeter/resultsdump/2019-08-17_06-08-39-run-tgroup_bench.jmx
2019-12-17 18:08:47,496 INFO o.a.j.s.FileServer: Set new base='/home/florian/Development/ecorz-efficiency-testing/ecorz-eff-test-app/stresstest-agent/target/jmeter/resultsdump'
2019-12-17 18:08:47,496 INFO o.a.j.s.SaveService: Loading file: /home/florian/Development/ecorz-efficiency-testing/ecorz-eff-test-app/stresstest-agent/target/jmeter/resultsdump/2019-08-17_06-08-39-run-tgroup_bench.jmx
2019-12-17 18:08:47,539 INFO o.a.j.v.ViewResultsFullVisualizer: Add JavaFX to your Java installation if you want to use renderer: org.apache.jmeter.visualizers.RenderInBrowser
2019-12-17 18:08:47,573 INFO o.a.j.s.FileServer: Set new base='/home/florian/Development/ecorz-efficiency-testing/ecorz-eff-test-app/stresstest-agent/target/jmeter/resultsdump'
2019-12-17 18:10:16,188 INFO o.a.j.g.a.Load: Loading file: /home/florian/Development/ecorz-efficiency-testing/ecorz-eff-test-app/stresstest-agent/target/jmeter/resultsdump/2019-10-17_06-10-00-run-tgroup_bench.jmx
2019-12-17 18:10:16,189 INFO o.a.j.s.FileServer: Set new base='/home/florian/Development/ecorz-efficiency-testing/ecorz-eff-test-app/stresstest-agent/target/jmeter/resultsdump'
2019-12-17 18:10:16,190 INFO o.a.j.s.SaveService: Loading file: /home/florian/Development/ecorz-efficiency-testing/ecorz-eff-test-app/stresstest-agent/target/jmeter/resultsdump/2019-10-17_06-10-00-run-tgroup_bench.jmx
2019-12-17 18:10:16,234 INFO o.a.j.v.ViewResultsFullVisualizer: Add JavaFX to your Java installation if you want to use renderer: org.apache.jmeter.visualizers.RenderInBrowser
2019-12-17 18:10:16,261 INFO o.a.j.s.FileServer: Set new base='/home/florian/Development/ecorz-efficiency-testing/ecorz-eff-test-app/stresstest-agent/target/jmeter/resultsdump'
2019-12-17 18:13:40,054 INFO o.a.j.g.a.Load: Loading file: /home/florian/Development/ecorz-efficiency-testing/ecorz-eff-test-app/stresstest-agent/target/jmeter/resultsdump/2019-12-17_06-12-37-run-tgroup_bench.jmx
2019-12-17 18:13:40,055 INFO o.a.j.s.FileServer: Set new base='/home/florian/Development/ecorz-efficiency-testing/ecorz-eff-test-app/stresstest-agent/target/jmeter/resultsdump'
2019-12-17 18:13:40,056 INFO o.a.j.s.SaveService: Loading file: /home/florian/Development/ecorz-efficiency-testing/ecorz-eff-test-app/stresstest-agent/target/jmeter/resultsdump/2019-12-17_06-12-37-run-tgroup_bench.jmx
2019-12-17 18:13:40,112 INFO o.a.j.v.ViewResultsFullVisualizer: Add JavaFX to your Java installation if you want to use renderer: org.apache.jmeter.visualizers.RenderInBrowser
2019-12-17 18:13:40,148 INFO o.a.j.s.FileServer: Set new base='/home/florian/Development/ecorz-efficiency-testing/ecorz-eff-test-app/stresstest-agent/target/jmeter/resultsdump'
2019-12-17 18:16:22,049 INFO o.a.j.e.StandardJMeterEngine: Running the test!
2019-12-17 18:16:22,057 INFO o.a.j.s.SampleEvent: List of sample_variables: []
2019-12-17 18:16:22,058 INFO o.a.j.s.SampleEvent: List of sample_variables: []
2019-12-17 18:16:22,074 INFO o.a.j.e.u.CompoundVariable: Note: Function class names must contain the string: '.functions.'
2019-12-17 18:16:22,074 INFO o.a.j.e.u.CompoundVariable: Note: Function class names must not contain the string: '.gui.'
2019-12-17 18:16:22,532 INFO o.a.j.g.u.JMeterMenuBar: setRunning(true, *local*)
2019-12-17 18:16:22,726 INFO o.a.j.e.StandardJMeterEngine: Starting ThreadGroup: 1 : Customized thread group
2019-12-17 18:16:22,727 INFO o.a.j.e.StandardJMeterEngine: Starting 5 threads for group Customized thread group.
2019-12-17 18:16:22,727 INFO o.a.j.e.StandardJMeterEngine: Thread will continue on error
2019-12-17 18:16:22,727 INFO o.a.j.t.ThreadGroup: Starting thread group... number=1 threads=5 ramp-up=5 delayedStart=false
2019-12-17 18:16:22,730 INFO o.a.j.t.ThreadGroup: Started thread group number 1
2019-12-17 18:16:22,731 INFO o.a.j.e.StandardJMeterEngine: All thread groups have been started
2019-12-17 18:16:27,728 INFO o.a.j.t.JMeterThread: Thread started: Customized thread group 1-1
2019-12-17 18:16:27,779 INFO o.a.j.p.h.s.HTTPHCAbstractImpl: Local host = linux-76wa
2019-12-17 18:16:27,788 INFO o.a.j.p.h.s.HTTPHC4Impl: HTTP request retry count = 0
2019-12-17 18:16:27,870 INFO o.a.j.t.JMeterThread: Thread is done: Customized thread group 1-1
2019-12-17 18:16:27,870 INFO o.a.j.t.JMeterThread: Thread finished: Customized thread group 1-1
2019-12-17 18:16:28,728 INFO o.a.j.t.JMeterThread: Thread started: Customized thread group 1-2
2019-12-17 18:16:28,751 INFO o.a.j.t.JMeterThread: Thread is done: Customized thread group 1-2
2019-12-17 18:16:28,752 INFO o.a.j.t.JMeterThread: Thread finished: Customized thread group 1-2
2019-12-17 18:16:29,728 INFO o.a.j.t.JMeterThread: Thread started: Customized thread group 1-3
2019-12-17 18:16:29,754 INFO o.a.j.t.JMeterThread: Thread is done: Customized thread group 1-3
2019-12-17 18:16:29,754 INFO o.a.j.t.JMeterThread: Thread finished: Customized thread group 1-3
2019-12-17 18:16:30,729 INFO o.a.j.t.JMeterThread: Thread started: Customized thread group 1-4
2019-12-17 18:16:30,749 INFO o.a.j.t.JMeterThread: Thread is done: Customized thread group 1-4
2019-12-17 18:16:30,750 INFO o.a.j.t.JMeterThread: Thread finished: Customized thread group 1-4
2019-12-17 18:16:31,728 INFO o.a.j.t.JMeterThread: Thread started: Customized thread group 1-5
2019-12-17 18:16:31,746 INFO o.a.j.t.JMeterThread: Thread is done: Customized thread group 1-5
2019-12-17 18:16:31,747 INFO o.a.j.t.JMeterThread: Thread finished: Customized thread group 1-5
2019-12-17 18:16:31,748 INFO o.a.j.e.StandardJMeterEngine: Notifying test listeners of end of test
2019-12-17 18:16:31,751 INFO o.a.j.g.u.JMeterMenuBar: setRunning(false, *local*)
2019-12-17 18:18:09,845 INFO o.a.j.g.a.Load: Loading file: /home/florian/Development/ecorz-efficiency-testing/ecorz-eff-test-app/stresstest-agent/target/jmeter/resultsdump/2019-17-17_06-17-58-run-tgroup_bench.jmx
2019-12-17 18:18:09,846 INFO o.a.j.s.FileServer: Set new base='/home/florian/Development/ecorz-efficiency-testing/ecorz-eff-test-app/stresstest-agent/target/jmeter/resultsdump'
2019-12-17 18:18:09,846 INFO o.a.j.s.SaveService: Loading file: /home/florian/Development/ecorz-efficiency-testing/ecorz-eff-test-app/stresstest-agent/target/jmeter/resultsdump/2019-17-17_06-17-58-run-tgroup_bench.jmx
2019-12-17 18:18:09,924 INFO o.a.j.v.ViewResultsFullVisualizer: Add JavaFX to your Java installation if you want to use renderer: org.apache.jmeter.visualizers.RenderInBrowser
2019-12-17 18:18:10,017 INFO o.a.j.s.FileServer: Set new base='/home/florian/Development/ecorz-efficiency-testing/ecorz-eff-test-app/stresstest-agent/target/jmeter/resultsdump'
2019-12-17 18:19:01,450 INFO o.a.j.e.StandardJMeterEngine: Running the test!
2019-12-17 18:19:01,452 INFO o.a.j.s.SampleEvent: List of sample_variables: []
2019-12-17 18:19:01,464 INFO o.a.j.g.u.JMeterMenuBar: setRunning(true, *local*)
2019-12-17 18:19:01,762 INFO o.a.j.e.StandardJMeterEngine: Starting ThreadGroup: 1 : Customized thread group
2019-12-17 18:19:01,762 INFO o.a.j.e.StandardJMeterEngine: Starting 5 threads for group Customized thread group.
2019-12-17 18:19:01,762 INFO o.a.j.e.StandardJMeterEngine: Thread will continue on error
2019-12-17 18:19:01,762 INFO o.a.j.t.ThreadGroup: Starting thread group... number=1 threads=5 ramp-up=5 delayedStart=false
2019-12-17 18:19:01,779 INFO o.a.j.t.ThreadGroup: Started thread group number 1
2019-12-17 18:19:01,779 INFO o.a.j.e.StandardJMeterEngine: All thread groups have been started
2019-12-17 18:19:06,763 INFO o.a.j.t.JMeterThread: Thread started: Customized thread group 1-1
2019-12-17 18:19:07,763 INFO o.a.j.t.JMeterThread: Thread started: Customized thread group 1-2
2019-12-17 18:19:08,763 INFO o.a.j.t.JMeterThread: Thread started: Customized thread group 1-3
2019-12-17 18:19:09,771 INFO o.a.j.t.JMeterThread: Thread started: Customized thread group 1-4
2019-12-17 18:19:10,763 INFO o.a.j.t.JMeterThread: Thread started: Customized thread group 1-5
2019-12-17 18:19:19,612 INFO o.a.j.g.a.Start: Stopping test
2019-12-17 18:19:19,624 INFO o.a.j.t.JMeterThread: Stopping: Customized thread group 1-5
2019-12-17 18:19:19,624 INFO o.a.j.t.JMeterThread: Stopping: Customized thread group 1-1
2019-12-17 18:19:19,625 WARN o.a.j.t.JMeterThread: Interrupting: Customized thread group 1-1 sampler: / GET FALSE
2019-12-17 18:19:19,625 INFO o.a.j.t.JMeterThread: Thread finished: Customized thread group 1-5
2019-12-17 18:19:19,626 INFO o.a.j.t.JMeterThread: Stopping: Customized thread group 1-4
2019-12-17 18:19:19,626 INFO o.a.j.t.JMeterThread: Stopping: Customized thread group 1-2
2019-12-17 18:19:19,626 INFO o.a.j.t.JMeterThread: Stopping: Customized thread group 1-3
2019-12-17 18:19:19,626 WARN o.a.j.t.JMeterThread: Interrupting: Customized thread group 1-3 sampler: / GET FALSE
2019-12-17 18:19:19,627 INFO o.a.j.t.JMeterThread: Thread finished: Customized thread group 1-4
2019-12-17 18:19:19,629 INFO o.a.j.t.JMeterThread: Thread finished: Customized thread group 1-2
2019-12-17 18:19:19,629 INFO o.a.j.t.JMeterThread: Thread finished: Customized thread group 1-3
2019-12-17 18:19:19,630 INFO o.a.j.t.JMeterThread: Thread finished: Customized thread group 1-1
2019-12-17 18:19:19,630 INFO o.a.j.e.StandardJMeterEngine: Notifying test listeners of end of test
2019-12-17 18:19:19,630 INFO o.a.j.g.u.JMeterMenuBar: setRunning(false, *local*)
2019-12-17 18:23:24,302 INFO o.a.j.e.StandardJMeterEngine: Running the test!
2019-12-17 18:23:24,304 INFO o.a.j.s.SampleEvent: List of sample_variables: []
2019-12-17 18:23:24,318 INFO o.a.j.g.u.JMeterMenuBar: setRunning(true, *local*)
2019-12-17 18:23:24,553 INFO o.a.j.e.StandardJMeterEngine: Starting ThreadGroup: 1 : Customized thread group
2019-12-17 18:23:24,554 INFO o.a.j.e.StandardJMeterEngine: Starting 5 threads for group Customized thread group.
2019-12-17 18:23:24,554 INFO o.a.j.e.StandardJMeterEngine: Thread will continue on error
2019-12-17 18:23:24,554 INFO o.a.j.t.ThreadGroup: Starting thread group... number=1 threads=5 ramp-up=5 delayedStart=false
2019-12-17 18:23:24,561 INFO o.a.j.t.ThreadGroup: Started thread group number 1
2019-12-17 18:23:24,561 INFO o.a.j.e.StandardJMeterEngine: All thread groups have been started
2019-12-17 18:23:29,554 INFO o.a.j.t.JMeterThread: Thread started: Customized thread group 1-1
2019-12-17 18:23:30,554 INFO o.a.j.t.JMeterThread: Thread started: Customized thread group 1-2
2019-12-17 18:23:31,555 INFO o.a.j.t.JMeterThread: Thread started: Customized thread group 1-3
2019-12-17 18:23:32,554 INFO o.a.j.t.JMeterThread: Thread started: Customized thread group 1-4
2019-12-17 18:23:33,554 INFO o.a.j.t.JMeterThread: Thread started: Customized thread group 1-5
2019-12-17 18:24:29,554 INFO o.a.j.t.JMeterThread: Stopping because end time detected by thread: Customized thread group 1-1
2019-12-17 18:24:29,554 INFO o.a.j.t.JMeterThread: Thread finished: Customized thread group 1-1
2019-12-17 18:24:29,556 INFO o.a.j.t.JMeterThread: Stopping because end time detected by thread: Customized thread group 1-2
2019-12-17 18:24:29,556 INFO o.a.j.t.JMeterThread: Thread finished: Customized thread group 1-2
2019-12-17 18:24:29,560 INFO o.a.j.t.JMeterThread: Stopping because end time detected by thread: Customized thread group 1-3
2019-12-17 18:24:29,560 INFO o.a.j.t.JMeterThread: Thread finished: Customized thread group 1-3
2019-12-17 18:24:29,560 INFO o.a.j.t.JMeterThread: Stopping because end time detected by thread: Customized thread group 1-4
2019-12-17 18:24:29,560 INFO o.a.j.t.JMeterThread: Thread finished: Customized thread group 1-4
2019-12-17 18:24:29,562 INFO o.a.j.t.JMeterThread: Stopping because end time detected by thread: Customized thread group 1-5
2019-12-17 18:24:29,562 INFO o.a.j.t.JMeterThread: Thread finished: Customized thread group 1-5
2019-12-17 18:24:29,563 INFO o.a.j.e.StandardJMeterEngine: Notifying test listeners of end of test
2019-12-17 18:24:29,563 INFO o.a.j.g.u.JMeterMenuBar: setRunning(false, *local*)
2019-12-17 18:26:44,236 INFO o.a.j.e.StandardJMeterEngine: Running the test!
2019-12-17 18:26:44,236 INFO o.a.j.s.SampleEvent: List of sample_variables: []
2019-12-17 18:26:44,245 INFO o.a.j.g.u.JMeterMenuBar: setRunning(true, *local*)
2019-12-17 18:26:44,467 INFO o.a.j.e.StandardJMeterEngine: Starting ThreadGroup: 1 : Customized thread group
2019-12-17 18:26:44,467 INFO o.a.j.e.StandardJMeterEngine: Starting 5 threads for group Customized thread group.
2019-12-17 18:26:44,468 INFO o.a.j.e.StandardJMeterEngine: Thread will continue on error
2019-12-17 18:26:44,468 INFO o.a.j.t.ThreadGroup: Starting thread group... number=1 threads=5 ramp-up=5 delayedStart=false
2019-12-17 18:26:44,478 INFO o.a.j.t.ThreadGroup: Started thread group number 1
2019-12-17 18:26:44,478 INFO o.a.j.e.StandardJMeterEngine: All thread groups have been started
2019-12-17 18:26:49,468 INFO o.a.j.t.JMeterThread: Thread started: Customized thread group 1-1
2019-12-17 18:26:50,468 INFO o.a.j.t.JMeterThread: Thread started: Customized thread group 1-2
2019-12-17 18:26:51,468 INFO o.a.j.t.JMeterThread: Thread started: Customized thread group 1-3
2019-12-17 18:26:52,468 INFO o.a.j.t.JMeterThread: Thread started: Customized thread group 1-4
2019-12-17 18:26:53,468 INFO o.a.j.t.JMeterThread: Thread started: Customized thread group 1-5
2019-12-17 18:27:49,469 INFO o.a.j.t.JMeterThread: Stopping because end time detected by thread: Customized thread group 1-1
2019-12-17 18:27:49,469 INFO o.a.j.t.JMeterThread: Thread finished: Customized thread group 1-1
2019-12-17 18:27:49,472 INFO o.a.j.t.JMeterThread: Stopping because end time detected by thread: Customized thread group 1-2
2019-12-17 18:27:49,472 INFO o.a.j.t.JMeterThread: Thread finished: Customized thread group 1-2
2019-12-17 18:27:49,475 INFO o.a.j.t.JMeterThread: Stopping because end time detected by thread: Customized thread group 1-3
2019-12-17 18:27:49,475 INFO o.a.j.t.JMeterThread: Thread finished: Customized thread group 1-3
2019-12-17 18:27:49,477 INFO o.a.j.t.JMeterThread: Stopping because end time detected by thread: Customized thread group 1-4
2019-12-17 18:27:49,477 INFO o.a.j.t.JMeterThread: Thread finished: Customized thread group 1-4
2019-12-17 18:27:49,478 INFO o.a.j.t.JMeterThread: Stopping because end time detected by thread: Customized thread group 1-5
2019-12-17 18:27:49,478 INFO o.a.j.t.JMeterThread: Thread finished: Customized thread group 1-5
2019-12-17 18:27:49,478 INFO o.a.j.e.StandardJMeterEngine: Notifying test listeners of end of test
2019-12-17 18:27:49,478 INFO o.a.j.g.u.JMeterMenuBar: setRunning(false, *local*)
2019-12-17 18:30:35,885 INFO o.a.j.g.a.Load: Loading file: /home/florian/Development/ecorz-efficiency-testing/ecorz-eff-test-app/stresstest-agent/target/jmeter/resultsdump/2019-29-17_06-29-13-run-tgroup_bench.jmx
2019-12-17 18:30:35,885 INFO o.a.j.s.FileServer: Set new base='/home/florian/Development/ecorz-efficiency-testing/ecorz-eff-test-app/stresstest-agent/target/jmeter/resultsdump'
2019-12-17 18:30:35,886 INFO o.a.j.s.SaveService: Loading file: /home/florian/Development/ecorz-efficiency-testing/ecorz-eff-test-app/stresstest-agent/target/jmeter/resultsdump/2019-29-17_06-29-13-run-tgroup_bench.jmx
2019-12-17 18:30:35,925 INFO o.a.j.v.ViewResultsFullVisualizer: Add JavaFX to your Java installation if you want to use renderer: org.apache.jmeter.visualizers.RenderInBrowser
2019-12-17 18:30:35,971 INFO o.a.j.s.FileServer: Set new base='/home/florian/Development/ecorz-efficiency-testing/ecorz-eff-test-app/stresstest-agent/target/jmeter/resultsdump'
